[09/Mar/2015 17:56:53] DEBUG [django.db.backends:91] (0.000) SET SQL_AUTO_IS_NULL = 0; args=None
[09/Mar/2015 17:56:53] DEBUG [django.db.backends:91] (0.000) SHOW TABLES; args=None
[09/Mar/2015 17:56:53] DEBUG [django.db.backends.schema:93] CREATE TABLE `django_migrations` (`id` integer AUTO_INCREMENT NOT NULL PRIMARY KEY, `app` varchar(255) NOT NULL, `name` varchar(255) NOT NULL, `applied` datetime NOT NULL); (params [])
[09/Mar/2015 17:56:53] DEBUG [django.db.backends:91] (0.056) CREATE TABLE `django_migrations` (`id` integer AUTO_INCREMENT NOT NULL PRIMARY KEY, `app` varchar(255) NOT NULL, `name` varchar(255) NOT NULL, `applied` datetime NOT NULL); args=[]
[09/Mar/2015 17:56:53] DEBUG [django.db.backends:91] (0.001) SELECT `django_migrations`.`app`, `django_migrations`.`name` FROM `django_migrations`; args=()
[09/Mar/2015 17:56:53] DEBUG [django.db.backends:91] (0.000) SHOW TABLES; args=None
[09/Mar/2015 17:56:53] DEBUG [django.db.backends.schema:93] CREATE TABLE `django_content_type` (`id` integer AUTO_INCREMENT NOT NULL PRIMARY KEY, `name` varchar(100) NOT NULL, `app_label` varchar(100) NOT NULL, `model` varchar(100) NOT NULL); (params [])
[09/Mar/2015 17:56:53] DEBUG [django.db.backends:91] (0.052) CREATE TABLE `django_content_type` (`id` integer AUTO_INCREMENT NOT NULL PRIMARY KEY, `name` varchar(100) NOT NULL, `app_label` varchar(100) NOT NULL, `model` varchar(100) NOT NULL); args=[]
[09/Mar/2015 17:56:53] DEBUG [django.db.backends.schema:93] ALTER TABLE `django_content_type` ADD CONSTRAINT `django_content_type_app_label_45f3b1d93ec8c61c_uniq` UNIQUE (`app_label`, `model`); (params [])
[09/Mar/2015 17:56:53] DEBUG [django.db.backends:91] (0.018) ALTER TABLE `django_content_type` ADD CONSTRAINT `django_content_type_app_label_45f3b1d93ec8c61c_uniq` UNIQUE (`app_label`, `model`); args=[]
[09/Mar/2015 17:56:53] DEBUG [django.db.backends:91] (0.000) SHOW TABLES; args=None
[09/Mar/2015 17:56:53] DEBUG [django.db.backends:91] (0.000) INSERT INTO `django_migrations` (`app`, `name`, `applied`) VALUES ('contenttypes', '0001_initial', '2015-03-09 22:56:53'); args=['contenttypes', u'0001_initial', u'2015-03-09 22:56:53']
[09/Mar/2015 17:56:53] DEBUG [django.db.backends:91] (0.000) SHOW TABLES; args=None
[09/Mar/2015 17:56:53] DEBUG [django.db.backends.schema:93] CREATE TABLE `auth_permission` (`id` integer AUTO_INCREMENT NOT NULL PRIMARY KEY, `name` varchar(50) NOT NULL, `content_type_id` integer NOT NULL, `codename` varchar(100) NOT NULL, UNIQUE (`content_type_id`, `codename`)); (params [])
[09/Mar/2015 17:56:53] DEBUG [django.db.backends:91] (0.062) CREATE TABLE `auth_permission` (`id` integer AUTO_INCREMENT NOT NULL PRIMARY KEY, `name` varchar(50) NOT NULL, `content_type_id` integer NOT NULL, `codename` varchar(100) NOT NULL, UNIQUE (`content_type_id`, `codename`)); args=[]
[09/Mar/2015 17:56:53] DEBUG [django.db.backends.schema:93] CREATE TABLE `auth_group` (`id` integer AUTO_INCREMENT NOT NULL PRIMARY KEY, `name` varchar(80) NOT NULL UNIQUE); (params [])
[09/Mar/2015 17:56:53] DEBUG [django.db.backends:91] (0.047) CREATE TABLE `auth_group` (`id` integer AUTO_INCREMENT NOT NULL PRIMARY KEY, `name` varchar(80) NOT NULL UNIQUE); args=[]
[09/Mar/2015 17:56:53] DEBUG [django.db.backends.schema:93] CREATE TABLE `auth_group_permissions` (`id` integer AUTO_INCREMENT NOT NULL PRIMARY KEY, `group_id` integer NOT NULL, `permission_id` integer NOT NULL, UNIQUE (`group_id`, `permission_id`)); (params [])
[09/Mar/2015 17:56:53] DEBUG [django.db.backends:91] (0.042) CREATE TABLE `auth_group_permissions` (`id` integer AUTO_INCREMENT NOT NULL PRIMARY KEY, `group_id` integer NOT NULL, `permission_id` integer NOT NULL, UNIQUE (`group_id`, `permission_id`)); args=[]
[09/Mar/2015 17:56:53] DEBUG [django.db.backends.schema:93] CREATE TABLE `auth_user` (`id` integer AUTO_INCREMENT NOT NULL PRIMARY KEY, `password` varchar(128) NOT NULL, `last_login` datetime NOT NULL, `is_superuser` bool NOT NULL, `username` varchar(30) NOT NULL UNIQUE, `first_name` varchar(30) NOT NULL, `last_name` varchar(30) NOT NULL, `email` varchar(75) NOT NULL, `is_staff` bool NOT NULL, `is_active` bool NOT NULL, `date_joined` datetime NOT NULL); (params [])
[09/Mar/2015 17:56:53] DEBUG [django.db.backends:91] (0.048) CREATE TABLE `auth_user` (`id` integer AUTO_INCREMENT NOT NULL PRIMARY KEY, `password` varchar(128) NOT NULL, `last_login` datetime NOT NULL, `is_superuser` bool NOT NULL, `username` varchar(30) NOT NULL UNIQUE, `first_name` varchar(30) NOT NULL, `last_name` varchar(30) NOT NULL, `email` varchar(75) NOT NULL, `is_staff` bool NOT NULL, `is_active` bool NOT NULL, `date_joined` datetime NOT NULL); args=[]
[09/Mar/2015 17:56:53] DEBUG [django.db.backends.schema:93] CREATE TABLE `auth_user_groups` (`id` integer AUTO_INCREMENT NOT NULL PRIMARY KEY, `user_id` integer NOT NULL, `group_id` integer NOT NULL, UNIQUE (`user_id`, `group_id`)); (params [])
[09/Mar/2015 17:56:53] DEBUG [django.db.backends:91] (0.042) CREATE TABLE `auth_user_groups` (`id` integer AUTO_INCREMENT NOT NULL PRIMARY KEY, `user_id` integer NOT NULL, `group_id` integer NOT NULL, UNIQUE (`user_id`, `group_id`)); args=[]
[09/Mar/2015 17:56:53] DEBUG [django.db.backends.schema:93] CREATE TABLE `auth_user_user_permissions` (`id` integer AUTO_INCREMENT NOT NULL PRIMARY KEY, `user_id` integer NOT NULL, `permission_id` integer NOT NULL, UNIQUE (`user_id`, `permission_id`)); (params [])
[09/Mar/2015 17:56:53] DEBUG [django.db.backends:91] (0.044) CREATE TABLE `auth_user_user_permissions` (`id` integer AUTO_INCREMENT NOT NULL PRIMARY KEY, `user_id` integer NOT NULL, `permission_id` integer NOT NULL, UNIQUE (`user_id`, `permission_id`)); args=[]
[09/Mar/2015 17:56:53] DEBUG [django.db.backends.schema:93] ALTER TABLE `auth_permission` ADD CONSTRAINT `auth__content_type_id_508cf46651277a81_fk_django_content_type_id` FOREIGN KEY (`content_type_id`) REFERENCES `django_content_type` (`id`); (params [])
[09/Mar/2015 17:56:53] DEBUG [django.db.backends:91] (0.040) ALTER TABLE `auth_permission` ADD CONSTRAINT `auth__content_type_id_508cf46651277a81_fk_django_content_type_id` FOREIGN KEY (`content_type_id`) REFERENCES `django_content_type` (`id`); args=[]
[09/Mar/2015 17:56:53] DEBUG [django.db.backends.schema:93] CREATE INDEX `auth_permission_417f1b1c` ON `auth_permission` (`content_type_id`); (params [])
[09/Mar/2015 17:56:53] DEBUG [django.db.backends:91] (0.021) CREATE INDEX `auth_permission_417f1b1c` ON `auth_permission` (`content_type_id`); args=[]
[09/Mar/2015 17:56:53] DEBUG [django.db.backends.schema:93] ALTER TABLE `auth_group_permissions` ADD CONSTRAINT `auth_group_permission_group_id_689710a9a73b7457_fk_auth_group_id` FOREIGN KEY (`group_id`) REFERENCES `auth_group` (`id`); (params [])
[09/Mar/2015 17:56:53] DEBUG [django.db.backends:91] (0.064) ALTER TABLE `auth_group_permissions` ADD CONSTRAINT `auth_group_permission_group_id_689710a9a73b7457_fk_auth_group_id` FOREIGN KEY (`group_id`) REFERENCES `auth_group` (`id`); args=[]
[09/Mar/2015 17:56:53] DEBUG [django.db.backends.schema:93] ALTER TABLE `auth_group_permissions` ADD CONSTRAINT `auth_group__permission_id_1f49ccbbdc69d2fc_fk_auth_permission_id` FOREIGN KEY (`permission_id`) REFERENCES `auth_permission` (`id`); (params [])
[09/Mar/2015 17:56:53] DEBUG [django.db.backends:91] (0.030) ALTER TABLE `auth_group_permissions` ADD CONSTRAINT `auth_group__permission_id_1f49ccbbdc69d2fc_fk_auth_permission_id` FOREIGN KEY (`permission_id`) REFERENCES `auth_permission` (`id`); args=[]
[09/Mar/2015 17:56:53] DEBUG [django.db.backends.schema:93] CREATE INDEX `auth_group_permissions_0e939a4f` ON `auth_group_permissions` (`group_id`); (params [])
[09/Mar/2015 17:56:53] DEBUG [django.db.backends:91] (0.021) CREATE INDEX `auth_group_permissions_0e939a4f` ON `auth_group_permissions` (`group_id`); args=[]
[09/Mar/2015 17:56:53] DEBUG [django.db.backends.schema:93] CREATE INDEX `auth_group_permissions_8373b171` ON `auth_group_permissions` (`permission_id`); (params [])
[09/Mar/2015 17:56:53] DEBUG [django.db.backends:91] (0.041) CREATE INDEX `auth_group_permissions_8373b171` ON `auth_group_permissions` (`permission_id`); args=[]
[09/Mar/2015 17:56:53] DEBUG [django.db.backends.schema:93] ALTER TABLE `auth_user_groups` ADD CONSTRAINT `auth_user_groups_user_id_4b5ed4ffdb8fd9b0_fk_auth_user_id` FOREIGN KEY (`user_id`) REFERENCES `auth_user` (`id`); (params [])
[09/Mar/2015 17:56:53] DEBUG [django.db.backends:91] (0.045) ALTER TABLE `auth_user_groups` ADD CONSTRAINT `auth_user_groups_user_id_4b5ed4ffdb8fd9b0_fk_auth_user_id` FOREIGN KEY (`user_id`) REFERENCES `auth_user` (`id`); args=[]
[09/Mar/2015 17:56:53] DEBUG [django.db.backends.schema:93] ALTER TABLE `auth_user_groups` ADD CONSTRAINT `auth_user_groups_group_id_33ac548dcf5f8e37_fk_auth_group_id` FOREIGN KEY (`group_id`) REFERENCES `auth_group` (`id`); (params [])
[09/Mar/2015 17:56:54] DEBUG [django.db.backends:91] (0.033) ALTER TABLE `auth_user_groups` ADD CONSTRAINT `auth_user_groups_group_id_33ac548dcf5f8e37_fk_auth_group_id` FOREIGN KEY (`group_id`) REFERENCES `auth_group` (`id`); args=[]
[09/Mar/2015 17:56:54] DEBUG [django.db.backends.schema:93] CREATE INDEX `auth_user_groups_e8701ad4` ON `auth_user_groups` (`user_id`); (params [])
[09/Mar/2015 17:56:54] DEBUG [django.db.backends:91] (0.021) CREATE INDEX `auth_user_groups_e8701ad4` ON `auth_user_groups` (`user_id`); args=[]
[09/Mar/2015 17:56:54] DEBUG [django.db.backends.schema:93] CREATE INDEX `auth_user_groups_0e939a4f` ON `auth_user_groups` (`group_id`); (params [])
[09/Mar/2015 17:56:54] DEBUG [django.db.backends:91] (0.036) CREATE INDEX `auth_user_groups_0e939a4f` ON `auth_user_groups` (`group_id`); args=[]
[09/Mar/2015 17:56:54] DEBUG [django.db.backends.schema:93] ALTER TABLE `auth_user_user_permissions` ADD CONSTRAINT `auth_user_user_permissi_user_id_7f0938558328534a_fk_auth_user_id` FOREIGN KEY (`user_id`) REFERENCES `auth_user` (`id`); (params [])
[09/Mar/2015 17:56:54] DEBUG [django.db.backends:91] (0.063) ALTER TABLE `auth_user_user_permissions` ADD CONSTRAINT `auth_user_user_permissi_user_id_7f0938558328534a_fk_auth_user_id` FOREIGN KEY (`user_id`) REFERENCES `auth_user` (`id`); args=[]
[09/Mar/2015 17:56:54] DEBUG [django.db.backends.schema:93] ALTER TABLE `auth_user_user_permissions` ADD CONSTRAINT `auth_user_u_permission_id_384b62483d7071f0_fk_auth_permission_id` FOREIGN KEY (`permission_id`) REFERENCES `auth_permission` (`id`); (params [])
[09/Mar/2015 17:56:54] DEBUG [django.db.backends:91] (0.052) ALTER TABLE `auth_user_user_permissions` ADD CONSTRAINT `auth_user_u_permission_id_384b62483d7071f0_fk_auth_permission_id` FOREIGN KEY (`permission_id`) REFERENCES `auth_permission` (`id`); args=[]
[09/Mar/2015 17:56:54] DEBUG [django.db.backends.schema:93] CREATE INDEX `auth_user_user_permissions_e8701ad4` ON `auth_user_user_permissions` (`user_id`); (params [])
[09/Mar/2015 17:56:54] DEBUG [django.db.backends:91] (0.036) CREATE INDEX `auth_user_user_permissions_e8701ad4` ON `auth_user_user_permissions` (`user_id`); args=[]
[09/Mar/2015 17:56:54] DEBUG [django.db.backends.schema:93] CREATE INDEX `auth_user_user_permissions_8373b171` ON `auth_user_user_permissions` (`permission_id`); (params [])
[09/Mar/2015 17:56:54] DEBUG [django.db.backends:91] (0.036) CREATE INDEX `auth_user_user_permissions_8373b171` ON `auth_user_user_permissions` (`permission_id`); args=[]
[09/Mar/2015 17:56:54] DEBUG [django.db.backends:91] (0.000) SHOW TABLES; args=None
[09/Mar/2015 17:56:54] DEBUG [django.db.backends:91] (0.000) INSERT INTO `django_migrations` (`app`, `name`, `applied`) VALUES ('auth', '0001_initial', '2015-03-09 22:56:54'); args=['auth', u'0001_initial', u'2015-03-09 22:56:54']
[09/Mar/2015 17:56:54] DEBUG [django.db.backends:91] (0.000) SHOW TABLES; args=None
[09/Mar/2015 17:56:54] DEBUG [django.db.backends.schema:93] CREATE TABLE `django_admin_log` (`id` integer AUTO_INCREMENT NOT NULL PRIMARY KEY, `action_time` datetime NOT NULL, `object_id` longtext NULL, `object_repr` varchar(200) NOT NULL, `action_flag` smallint UNSIGNED NOT NULL, `change_message` longtext NOT NULL, `content_type_id` integer NULL, `user_id` integer NOT NULL); (params [])
[09/Mar/2015 17:56:54] DEBUG [django.db.backends:91] (0.034) CREATE TABLE `django_admin_log` (`id` integer AUTO_INCREMENT NOT NULL PRIMARY KEY, `action_time` datetime NOT NULL, `object_id` longtext NULL, `object_repr` varchar(200) NOT NULL, `action_flag` smallint UNSIGNED NOT NULL, `change_message` longtext NOT NULL, `content_type_id` integer NULL, `user_id` integer NOT NULL); args=[]
[09/Mar/2015 17:56:54] DEBUG [django.db.backends.schema:93] ALTER TABLE `django_admin_log` ADD CONSTRAINT `djang_content_type_id_697914295151027a_fk_django_content_type_id` FOREIGN KEY (`content_type_id`) REFERENCES `django_content_type` (`id`); (params [])
[09/Mar/2015 17:56:54] DEBUG [django.db.backends:91] (0.036) ALTER TABLE `django_admin_log` ADD CONSTRAINT `djang_content_type_id_697914295151027a_fk_django_content_type_id` FOREIGN KEY (`content_type_id`) REFERENCES `django_content_type` (`id`); args=[]
[09/Mar/2015 17:56:54] DEBUG [django.db.backends.schema:93] ALTER TABLE `django_admin_log` ADD CONSTRAINT `django_admin_log_user_id_52fdd58701c5f563_fk_auth_user_id` FOREIGN KEY (`user_id`) REFERENCES `auth_user` (`id`); (params [])
[09/Mar/2015 17:56:54] DEBUG [django.db.backends:91] (0.048) ALTER TABLE `django_admin_log` ADD CONSTRAINT `django_admin_log_user_id_52fdd58701c5f563_fk_auth_user_id` FOREIGN KEY (`user_id`) REFERENCES `auth_user` (`id`); args=[]
[09/Mar/2015 17:56:54] DEBUG [django.db.backends.schema:93] CREATE INDEX `django_admin_log_417f1b1c` ON `django_admin_log` (`content_type_id`); (params [])
[09/Mar/2015 17:56:54] DEBUG [django.db.backends:91] (0.021) CREATE INDEX `django_admin_log_417f1b1c` ON `django_admin_log` (`content_type_id`); args=[]
[09/Mar/2015 17:56:54] DEBUG [django.db.backends.schema:93] CREATE INDEX `django_admin_log_e8701ad4` ON `django_admin_log` (`user_id`); (params [])
[09/Mar/2015 17:56:54] DEBUG [django.db.backends:91] (0.031) CREATE INDEX `django_admin_log_e8701ad4` ON `django_admin_log` (`user_id`); args=[]
[09/Mar/2015 17:56:54] DEBUG [django.db.backends:91] (0.000) SHOW TABLES; args=None
[09/Mar/2015 17:56:54] DEBUG [django.db.backends:91] (0.000) INSERT INTO `django_migrations` (`app`, `name`, `applied`) VALUES ('admin', '0001_initial', '2015-03-09 22:56:54'); args=['admin', u'0001_initial', u'2015-03-09 22:56:54']
[09/Mar/2015 17:56:54] DEBUG [django.db.backends:91] (0.000) SHOW TABLES; args=None
[09/Mar/2015 17:56:54] DEBUG [django.db.backends.schema:93] CREATE TABLE `django_session` (`session_key` varchar(40) NOT NULL PRIMARY KEY, `session_data` longtext NOT NULL, `expire_date` datetime NOT NULL); (params [])
[09/Mar/2015 17:56:54] DEBUG [django.db.backends:91] (0.044) CREATE TABLE `django_session` (`session_key` varchar(40) NOT NULL PRIMARY KEY, `session_data` longtext NOT NULL, `expire_date` datetime NOT NULL); args=[]
[09/Mar/2015 17:56:54] DEBUG [django.db.backends.schema:93] CREATE INDEX `django_session_de54fa62` ON `django_session` (`expire_date`); (params [])
[09/Mar/2015 17:56:54] DEBUG [django.db.backends:91] (0.019) CREATE INDEX `django_session_de54fa62` ON `django_session` (`expire_date`); args=[]
[09/Mar/2015 17:56:54] DEBUG [django.db.backends:91] (0.000) SHOW TABLES; args=None
[09/Mar/2015 17:56:54] DEBUG [django.db.backends:91] (0.000) INSERT INTO `django_migrations` (`app`, `name`, `applied`) VALUES ('sessions', '0001_initial', '2015-03-09 22:56:54'); args=['sessions', u'0001_initial', u'2015-03-09 22:56:54']
[09/Mar/2015 17:56:54] DEBUG [django.db.backends:91] (0.000) SHOW TABLES; args=None
[09/Mar/2015 17:56:54] DEBUG [django.db.backends:91] (0.000) SELECT `django_migrations`.`app`, `django_migrations`.`name` FROM `django_migrations`; args=()
[09/Mar/2015 17:56:54] DEBUG [django.db.backends:91] (0.000) SELECT `django_content_type`.`id`, `django_content_type`.`name`, `django_content_type`.`app_label`, `django_content_type`.`model` FROM `django_content_type` WHERE (`django_content_type`.`model` = 'logentry' AND `django_content_type`.`app_label` = 'admin') LIMIT 21; args=('logentry', 'admin')
[09/Mar/2015 17:56:54] DEBUG [django.db.backends:91] (0.000) INSERT INTO `django_content_type` (`name`, `app_label`, `model`) VALUES ('log entry', 'admin', 'logentry'); args=[u'log entry', 'admin', 'logentry']
[09/Mar/2015 17:56:54] DEBUG [django.db.backends:91] (0.000) SELECT `auth_permission`.`content_type_id`, `auth_permission`.`codename` FROM `auth_permission` INNER JOIN `django_content_type` ON ( `auth_permission`.`content_type_id` = `django_content_type`.`id` ) WHERE `auth_permission`.`content_type_id` IN (1) ORDER BY `django_content_type`.`app_label` ASC, `django_content_type`.`model` ASC, `auth_permission`.`codename` ASC; args=(1,)
[09/Mar/2015 17:56:54] DEBUG [django.db.backends:91] (0.000) INSERT INTO `auth_permission` (`name`, `content_type_id`, `codename`) VALUES ('Can add log entry', 1, 'add_logentry'), ('Can change log entry', 1, 'change_logentry'), ('Can delete log entry', 1, 'delete_logentry'); args=(u'Can add log entry', 1, u'add_logentry', u'Can change log entry', 1, u'change_logentry', u'Can delete log entry', 1, u'delete_logentry')
[09/Mar/2015 17:56:54] DEBUG [django.db.backends:91] (0.000) SHOW TABLES; args=None
[09/Mar/2015 17:56:54] DEBUG [django.db.backends:91] (0.000) SELECT `django_migrations`.`app`, `django_migrations`.`name` FROM `django_migrations`; args=()
[09/Mar/2015 17:56:54] DEBUG [django.db.backends:91] (0.000) SELECT `django_content_type`.`id`, `django_content_type`.`name`, `django_content_type`.`app_label`, `django_content_type`.`model` FROM `django_content_type` WHERE `django_content_type`.`app_label` = 'admin' ORDER BY `django_content_type`.`name` ASC; args=('admin',)
[09/Mar/2015 17:56:54] DEBUG [django.db.backends:91] (0.000) SHOW TABLES; args=None
[09/Mar/2015 17:56:54] DEBUG [django.db.backends:91] (0.000) SELECT `django_migrations`.`app`, `django_migrations`.`name` FROM `django_migrations`; args=()
[09/Mar/2015 17:56:54] DEBUG [django.db.backends:91] (0.000) SELECT `django_content_type`.`id`, `django_content_type`.`name`, `django_content_type`.`app_label`, `django_content_type`.`model` FROM `django_content_type` WHERE (`django_content_type`.`model` = 'permission' AND `django_content_type`.`app_label` = 'auth') LIMIT 21; args=('permission', 'auth')
[09/Mar/2015 17:56:54] DEBUG [django.db.backends:91] (0.000) INSERT INTO `django_content_type` (`name`, `app_label`, `model`) VALUES ('permission', 'auth', 'permission'); args=[u'permission', 'auth', 'permission']
[09/Mar/2015 17:56:54] DEBUG [django.db.backends:91] (0.000) SELECT `django_content_type`.`id`, `django_content_type`.`name`, `django_content_type`.`app_label`, `django_content_type`.`model` FROM `django_content_type` WHERE (`django_content_type`.`model` = 'group' AND `django_content_type`.`app_label` = 'auth') LIMIT 21; args=('group', 'auth')
[09/Mar/2015 17:56:54] DEBUG [django.db.backends:91] (0.000) INSERT INTO `django_content_type` (`name`, `app_label`, `model`) VALUES ('group', 'auth', 'group'); args=[u'group', 'auth', 'group']
[09/Mar/2015 17:56:54] DEBUG [django.db.backends:91] (0.000) SELECT `django_content_type`.`id`, `django_content_type`.`name`, `django_content_type`.`app_label`, `django_content_type`.`model` FROM `django_content_type` WHERE (`django_content_type`.`model` = 'user' AND `django_content_type`.`app_label` = 'auth') LIMIT 21; args=('user', 'auth')
[09/Mar/2015 17:56:54] DEBUG [django.db.backends:91] (0.000) INSERT INTO `django_content_type` (`name`, `app_label`, `model`) VALUES ('user', 'auth', 'user'); args=[u'user', 'auth', 'user']
[09/Mar/2015 17:56:54] DEBUG [django.db.backends:91] (0.000) SELECT `auth_permission`.`content_type_id`, `auth_permission`.`codename` FROM `auth_permission` INNER JOIN `django_content_type` ON ( `auth_permission`.`content_type_id` = `django_content_type`.`id` ) WHERE `auth_permission`.`content_type_id` IN (2, 3, 4) ORDER BY `django_content_type`.`app_label` ASC, `django_content_type`.`model` ASC, `auth_permission`.`codename` ASC; args=(2, 3, 4)
[09/Mar/2015 17:56:54] DEBUG [django.db.backends:91] (0.000) INSERT INTO `auth_permission` (`name`, `content_type_id`, `codename`) VALUES ('Can add permission', 2, 'add_permission'), ('Can change permission', 2, 'change_permission'), ('Can delete permission', 2, 'delete_permission'), ('Can add group', 3, 'add_group'), ('Can change group', 3, 'change_group'), ('Can delete group', 3, 'delete_group'), ('Can add user', 4, 'add_user'), ('Can change user', 4, 'change_user'), ('Can delete user', 4, 'delete_user'); args=(u'Can add permission', 2, u'add_permission', u'Can change permission', 2, u'change_permission', u'Can delete permission', 2, u'delete_permission', u'Can add group', 3, u'add_group', u'Can change group', 3, u'change_group', u'Can delete group', 3, u'delete_group', u'Can add user', 4, u'add_user', u'Can change user', 4, u'change_user', u'Can delete user', 4, u'delete_user')
[09/Mar/2015 17:56:54] DEBUG [django.db.backends:91] (0.000) SHOW TABLES; args=None
[09/Mar/2015 17:56:54] DEBUG [django.db.backends:91] (0.000) SELECT `django_migrations`.`app`, `django_migrations`.`name` FROM `django_migrations`; args=()
[09/Mar/2015 17:56:54] DEBUG [django.db.backends:91] (0.000) SELECT `django_content_type`.`id`, `django_content_type`.`name`, `django_content_type`.`app_label`, `django_content_type`.`model` FROM `django_content_type` WHERE `django_content_type`.`app_label` = 'auth' ORDER BY `django_content_type`.`name` ASC; args=('auth',)
[09/Mar/2015 17:56:54] DEBUG [django.db.backends:91] (0.000) SHOW TABLES; args=None
[09/Mar/2015 17:56:54] DEBUG [django.db.backends:91] (0.000) SELECT `django_migrations`.`app`, `django_migrations`.`name` FROM `django_migrations`; args=()
[09/Mar/2015 17:56:54] DEBUG [django.db.backends:91] (0.000) SELECT `django_content_type`.`id`, `django_content_type`.`name`, `django_content_type`.`app_label`, `django_content_type`.`model` FROM `django_content_type` WHERE (`django_content_type`.`model` = 'contenttype' AND `django_content_type`.`app_label` = 'contenttypes') LIMIT 21; args=('contenttype', 'contenttypes')
[09/Mar/2015 17:56:54] DEBUG [django.db.backends:91] (0.000) INSERT INTO `django_content_type` (`name`, `app_label`, `model`) VALUES ('content type', 'contenttypes', 'contenttype'); args=[u'content type', 'contenttypes', 'contenttype']
[09/Mar/2015 17:56:54] DEBUG [django.db.backends:91] (0.000) SELECT `auth_permission`.`content_type_id`, `auth_permission`.`codename` FROM `auth_permission` INNER JOIN `django_content_type` ON ( `auth_permission`.`content_type_id` = `django_content_type`.`id` ) WHERE `auth_permission`.`content_type_id` IN (5) ORDER BY `django_content_type`.`app_label` ASC, `django_content_type`.`model` ASC, `auth_permission`.`codename` ASC; args=(5,)
[09/Mar/2015 17:56:54] DEBUG [django.db.backends:91] (0.000) INSERT INTO `auth_permission` (`name`, `content_type_id`, `codename`) VALUES ('Can add content type', 5, 'add_contenttype'), ('Can change content type', 5, 'change_contenttype'), ('Can delete content type', 5, 'delete_contenttype'); args=(u'Can add content type', 5, u'add_contenttype', u'Can change content type', 5, u'change_contenttype', u'Can delete content type', 5, u'delete_contenttype')
[09/Mar/2015 17:56:54] DEBUG [django.db.backends:91] (0.000) SHOW TABLES; args=None
[09/Mar/2015 17:56:54] DEBUG [django.db.backends:91] (0.000) SELECT `django_migrations`.`app`, `django_migrations`.`name` FROM `django_migrations`; args=()
[09/Mar/2015 17:56:54] DEBUG [django.db.backends:91] (0.000) SELECT `django_content_type`.`id`, `django_content_type`.`name`, `django_content_type`.`app_label`, `django_content_type`.`model` FROM `django_content_type` WHERE `django_content_type`.`app_label` = 'contenttypes' ORDER BY `django_content_type`.`name` ASC; args=('contenttypes',)
[09/Mar/2015 17:56:54] DEBUG [django.db.backends:91] (0.000) SHOW TABLES; args=None
[09/Mar/2015 17:56:54] DEBUG [django.db.backends:91] (0.000) SELECT `django_migrations`.`app`, `django_migrations`.`name` FROM `django_migrations`; args=()
[09/Mar/2015 17:56:54] DEBUG [django.db.backends:91] (0.000) SELECT `django_content_type`.`id`, `django_content_type`.`name`, `django_content_type`.`app_label`, `django_content_type`.`model` FROM `django_content_type` WHERE (`django_content_type`.`model` = 'session' AND `django_content_type`.`app_label` = 'sessions') LIMIT 21; args=('session', 'sessions')
[09/Mar/2015 17:56:54] DEBUG [django.db.backends:91] (0.000) INSERT INTO `django_content_type` (`name`, `app_label`, `model`) VALUES ('session', 'sessions', 'session'); args=[u'session', 'sessions', 'session']
[09/Mar/2015 17:56:54] DEBUG [django.db.backends:91] (0.000) SELECT `auth_permission`.`content_type_id`, `auth_permission`.`codename` FROM `auth_permission` INNER JOIN `django_content_type` ON ( `auth_permission`.`content_type_id` = `django_content_type`.`id` ) WHERE `auth_permission`.`content_type_id` IN (6) ORDER BY `django_content_type`.`app_label` ASC, `django_content_type`.`model` ASC, `auth_permission`.`codename` ASC; args=(6,)
[09/Mar/2015 17:56:54] DEBUG [django.db.backends:91] (0.000) INSERT INTO `auth_permission` (`name`, `content_type_id`, `codename`) VALUES ('Can add session', 6, 'add_session'), ('Can change session', 6, 'change_session'), ('Can delete session', 6, 'delete_session'); args=(u'Can add session', 6, u'add_session', u'Can change session', 6, u'change_session', u'Can delete session', 6, u'delete_session')
[09/Mar/2015 17:56:54] DEBUG [django.db.backends:91] (0.000) SHOW TABLES; args=None
[09/Mar/2015 17:56:54] DEBUG [django.db.backends:91] (0.000) SELECT `django_migrations`.`app`, `django_migrations`.`name` FROM `django_migrations`; args=()
[09/Mar/2015 17:56:54] DEBUG [django.db.backends:91] (0.000) SELECT `django_content_type`.`id`, `django_content_type`.`name`, `django_content_type`.`app_label`, `django_content_type`.`model` FROM `django_content_type` WHERE `django_content_type`.`app_label` = 'sessions' ORDER BY `django_content_type`.`name` ASC; args=('sessions',)
[09/Mar/2015 17:57:59] DEBUG [django.db.backends:91] (0.000) SET SQL_AUTO_IS_NULL = 0; args=None
[09/Mar/2015 17:57:59] DEBUG [django.db.backends:91] (0.000) SHOW TABLES; args=None
[09/Mar/2015 17:57:59] DEBUG [django.db.backends:91] (0.000) SELECT `django_migrations`.`app`, `django_migrations`.`name` FROM `django_migrations`; args=()
[09/Mar/2015 17:58:18] WARNING [django.request:143] Not Found: /
[09/Mar/2015 17:58:18] WARNING [django.request:143] Not Found: /favicon.ico
[09/Mar/2015 17:58:49] WARNING [django.request:143] Not Found: /
[09/Mar/2015 17:58:49] WARNING [django.request:143] Not Found: /favicon.ico
[09/Mar/2015 18:01:35] DEBUG [django.db.backends:91] (0.000) SET SQL_AUTO_IS_NULL = 0; args=None
[09/Mar/2015 18:01:35] DEBUG [django.db.backends:91] (0.000) SHOW TABLES; args=None
[09/Mar/2015 18:01:35] DEBUG [django.db.backends:91] (0.000) SELECT `django_migrations`.`app`, `django_migrations`.`name` FROM `django_migrations`; args=()
[09/Mar/2015 18:02:58] DEBUG [django.db.backends:91] (0.000) SET SQL_AUTO_IS_NULL = 0; args=None
[09/Mar/2015 18:02:58] DEBUG [django.db.backends:91] (0.000) SHOW TABLES; args=None
[09/Mar/2015 18:02:58] DEBUG [django.db.backends:91] (0.000) SELECT `django_migrations`.`app`, `django_migrations`.`name` FROM `django_migrations`; args=()
[09/Mar/2015 18:07:58] DEBUG [django.db.backends:91] (0.000) SET SQL_AUTO_IS_NULL = 0; args=None
[09/Mar/2015 18:07:58] DEBUG [django.db.backends:91] (0.000) SHOW TABLES; args=None
[09/Mar/2015 18:07:58] DEBUG [django.db.backends:91] (0.000) SELECT `django_migrations`.`app`, `django_migrations`.`name` FROM `django_migrations`; args=()
[09/Mar/2015 18:07:58] DEBUG [django.db.backends:91] (0.000) SHOW TABLES; args=None
[09/Mar/2015 18:07:58] DEBUG [django.db.backends.schema:93] CREATE TABLE `rpg_game` (`id` integer AUTO_INCREMENT NOT NULL PRIMARY KEY, `location` varchar(30) NOT NULL, `isover` bool NOT NULL, `stats` varchar(30) NOT NULL); (params [])
[09/Mar/2015 18:07:58] DEBUG [django.db.backends:91] (0.054) CREATE TABLE `rpg_game` (`id` integer AUTO_INCREMENT NOT NULL PRIMARY KEY, `location` varchar(30) NOT NULL, `isover` bool NOT NULL, `stats` varchar(30) NOT NULL); args=[]
[09/Mar/2015 18:07:58] DEBUG [django.db.backends.schema:93] CREATE TABLE `rpg_item` (`id` integer AUTO_INCREMENT NOT NULL PRIMARY KEY, `name` varchar(30) NOT NULL, `description` varchar(50) NOT NULL, `quantity` integer UNSIGNED NOT NULL); (params [])
[09/Mar/2015 18:07:58] DEBUG [django.db.backends:91] (0.044) CREATE TABLE `rpg_item` (`id` integer AUTO_INCREMENT NOT NULL PRIMARY KEY, `name` varchar(30) NOT NULL, `description` varchar(50) NOT NULL, `quantity` integer UNSIGNED NOT NULL); args=[]
[09/Mar/2015 18:07:58] DEBUG [django.db.backends.schema:93] CREATE TABLE `rpg_player` (`id` integer AUTO_INCREMENT NOT NULL PRIMARY KEY, `name` varchar(30) NOT NULL, `location` varchar(30) NOT NULL, `isdead` bool NOT NULL); (params [])
[09/Mar/2015 18:07:58] DEBUG [django.db.backends:91] (0.048) CREATE TABLE `rpg_player` (`id` integer AUTO_INCREMENT NOT NULL PRIMARY KEY, `name` varchar(30) NOT NULL, `location` varchar(30) NOT NULL, `isdead` bool NOT NULL); args=[]
[09/Mar/2015 18:07:58] DEBUG [django.db.backends.schema:93] CREATE TABLE `rpg_room` (`id` integer AUTO_INCREMENT NOT NULL PRIMARY KEY, `name` varchar(30) NOT NULL, `description` varchar(50) NOT NULL); (params [])
[09/Mar/2015 18:07:58] DEBUG [django.db.backends:91] (0.033) CREATE TABLE `rpg_room` (`id` integer AUTO_INCREMENT NOT NULL PRIMARY KEY, `name` varchar(30) NOT NULL, `description` varchar(50) NOT NULL); args=[]
[09/Mar/2015 18:07:58] DEBUG [django.db.backends:91] (0.000) SHOW TABLES; args=None
[09/Mar/2015 18:07:58] DEBUG [django.db.backends:91] (0.000) INSERT INTO `django_migrations` (`app`, `name`, `applied`) VALUES ('rpg', '0001_initial', '2015-03-09 23:07:58'); args=['rpg', u'0001_initial', u'2015-03-09 23:07:58']
[09/Mar/2015 18:07:58] DEBUG [django.db.backends:91] (0.000) SHOW TABLES; args=None
[09/Mar/2015 18:07:58] DEBUG [django.db.backends:91] (0.000) SELECT `django_migrations`.`app`, `django_migrations`.`name` FROM `django_migrations`; args=()
[09/Mar/2015 18:07:58] DEBUG [django.db.backends:91] (0.001) SELECT `django_content_type`.`id`, `django_content_type`.`name`, `django_content_type`.`app_label`, `django_content_type`.`model` FROM `django_content_type` WHERE (`django_content_type`.`model` = 'logentry' AND `django_content_type`.`app_label` = 'admin') LIMIT 21; args=('logentry', 'admin')
[09/Mar/2015 18:07:58] DEBUG [django.db.backends:91] (0.000) SELECT `auth_permission`.`content_type_id`, `auth_permission`.`codename` FROM `auth_permission` INNER JOIN `django_content_type` ON ( `auth_permission`.`content_type_id` = `django_content_type`.`id` ) WHERE `auth_permission`.`content_type_id` IN (1) ORDER BY `django_content_type`.`app_label` ASC, `django_content_type`.`model` ASC, `auth_permission`.`codename` ASC; args=(1,)
[09/Mar/2015 18:07:59] DEBUG [django.db.backends:91] (0.000) SHOW TABLES; args=None
[09/Mar/2015 18:07:59] DEBUG [django.db.backends:91] (0.000) SELECT `django_migrations`.`app`, `django_migrations`.`name` FROM `django_migrations`; args=()
[09/Mar/2015 18:07:59] DEBUG [django.db.backends:91] (0.000) SELECT `django_content_type`.`id`, `django_content_type`.`name`, `django_content_type`.`app_label`, `django_content_type`.`model` FROM `django_content_type` WHERE `django_content_type`.`app_label` = 'admin' ORDER BY `django_content_type`.`name` ASC; args=('admin',)
[09/Mar/2015 18:07:59] DEBUG [django.db.backends:91] (0.000) SHOW TABLES; args=None
[09/Mar/2015 18:07:59] DEBUG [django.db.backends:91] (0.000) SELECT `django_migrations`.`app`, `django_migrations`.`name` FROM `django_migrations`; args=()
[09/Mar/2015 18:07:59] DEBUG [django.db.backends:91] (0.001) SELECT `django_content_type`.`id`, `django_content_type`.`name`, `django_content_type`.`app_label`, `django_content_type`.`model` FROM `django_content_type` WHERE (`django_content_type`.`model` = 'permission' AND `django_content_type`.`app_label` = 'auth') LIMIT 21; args=('permission', 'auth')
[09/Mar/2015 18:07:59] DEBUG [django.db.backends:91] (0.000) SELECT `django_content_type`.`id`, `django_content_type`.`name`, `django_content_type`.`app_label`, `django_content_type`.`model` FROM `django_content_type` WHERE (`django_content_type`.`model` = 'group' AND `django_content_type`.`app_label` = 'auth') LIMIT 21; args=('group', 'auth')
[09/Mar/2015 18:07:59] DEBUG [django.db.backends:91] (0.000) SELECT `django_content_type`.`id`, `django_content_type`.`name`, `django_content_type`.`app_label`, `django_content_type`.`model` FROM `django_content_type` WHERE (`django_content_type`.`model` = 'user' AND `django_content_type`.`app_label` = 'auth') LIMIT 21; args=('user', 'auth')
[09/Mar/2015 18:07:59] DEBUG [django.db.backends:91] (0.000) SELECT `auth_permission`.`content_type_id`, `auth_permission`.`codename` FROM `auth_permission` INNER JOIN `django_content_type` ON ( `auth_permission`.`content_type_id` = `django_content_type`.`id` ) WHERE `auth_permission`.`content_type_id` IN (2, 3, 4) ORDER BY `django_content_type`.`app_label` ASC, `django_content_type`.`model` ASC, `auth_permission`.`codename` ASC; args=(2, 3, 4)
[09/Mar/2015 18:07:59] DEBUG [django.db.backends:91] (0.000) SHOW TABLES; args=None
[09/Mar/2015 18:07:59] DEBUG [django.db.backends:91] (0.000) SELECT `django_migrations`.`app`, `django_migrations`.`name` FROM `django_migrations`; args=()
[09/Mar/2015 18:07:59] DEBUG [django.db.backends:91] (0.000) SELECT `django_content_type`.`id`, `django_content_type`.`name`, `django_content_type`.`app_label`, `django_content_type`.`model` FROM `django_content_type` WHERE `django_content_type`.`app_label` = 'auth' ORDER BY `django_content_type`.`name` ASC; args=('auth',)
[09/Mar/2015 18:07:59] DEBUG [django.db.backends:91] (0.000) SHOW TABLES; args=None
[09/Mar/2015 18:07:59] DEBUG [django.db.backends:91] (0.000) SELECT `django_migrations`.`app`, `django_migrations`.`name` FROM `django_migrations`; args=()
[09/Mar/2015 18:07:59] DEBUG [django.db.backends:91] (0.000) SELECT `django_content_type`.`id`, `django_content_type`.`name`, `django_content_type`.`app_label`, `django_content_type`.`model` FROM `django_content_type` WHERE (`django_content_type`.`model` = 'contenttype' AND `django_content_type`.`app_label` = 'contenttypes') LIMIT 21; args=('contenttype', 'contenttypes')
[09/Mar/2015 18:07:59] DEBUG [django.db.backends:91] (0.000) SELECT `auth_permission`.`content_type_id`, `auth_permission`.`codename` FROM `auth_permission` INNER JOIN `django_content_type` ON ( `auth_permission`.`content_type_id` = `django_content_type`.`id` ) WHERE `auth_permission`.`content_type_id` IN (5) ORDER BY `django_content_type`.`app_label` ASC, `django_content_type`.`model` ASC, `auth_permission`.`codename` ASC; args=(5,)
[09/Mar/2015 18:07:59] DEBUG [django.db.backends:91] (0.000) SHOW TABLES; args=None
[09/Mar/2015 18:07:59] DEBUG [django.db.backends:91] (0.000) SELECT `django_migrations`.`app`, `django_migrations`.`name` FROM `django_migrations`; args=()
[09/Mar/2015 18:07:59] DEBUG [django.db.backends:91] (0.000) SELECT `django_content_type`.`id`, `django_content_type`.`name`, `django_content_type`.`app_label`, `django_content_type`.`model` FROM `django_content_type` WHERE `django_content_type`.`app_label` = 'contenttypes' ORDER BY `django_content_type`.`name` ASC; args=('contenttypes',)
[09/Mar/2015 18:07:59] DEBUG [django.db.backends:91] (0.000) SHOW TABLES; args=None
[09/Mar/2015 18:07:59] DEBUG [django.db.backends:91] (0.000) SELECT `django_migrations`.`app`, `django_migrations`.`name` FROM `django_migrations`; args=()
[09/Mar/2015 18:07:59] DEBUG [django.db.backends:91] (0.000) SELECT `django_content_type`.`id`, `django_content_type`.`name`, `django_content_type`.`app_label`, `django_content_type`.`model` FROM `django_content_type` WHERE (`django_content_type`.`model` = 'session' AND `django_content_type`.`app_label` = 'sessions') LIMIT 21; args=('session', 'sessions')
[09/Mar/2015 18:07:59] DEBUG [django.db.backends:91] (0.000) SELECT `auth_permission`.`content_type_id`, `auth_permission`.`codename` FROM `auth_permission` INNER JOIN `django_content_type` ON ( `auth_permission`.`content_type_id` = `django_content_type`.`id` ) WHERE `auth_permission`.`content_type_id` IN (6) ORDER BY `django_content_type`.`app_label` ASC, `django_content_type`.`model` ASC, `auth_permission`.`codename` ASC; args=(6,)
[09/Mar/2015 18:07:59] DEBUG [django.db.backends:91] (0.000) SHOW TABLES; args=None
[09/Mar/2015 18:07:59] DEBUG [django.db.backends:91] (0.000) SELECT `django_migrations`.`app`, `django_migrations`.`name` FROM `django_migrations`; args=()
[09/Mar/2015 18:07:59] DEBUG [django.db.backends:91] (0.000) SELECT `django_content_type`.`id`, `django_content_type`.`name`, `django_content_type`.`app_label`, `django_content_type`.`model` FROM `django_content_type` WHERE `django_content_type`.`app_label` = 'sessions' ORDER BY `django_content_type`.`name` ASC; args=('sessions',)
[09/Mar/2015 18:07:59] DEBUG [django.db.backends:91] (0.000) SHOW TABLES; args=None
[09/Mar/2015 18:07:59] DEBUG [django.db.backends:91] (0.000) SELECT `django_migrations`.`app`, `django_migrations`.`name` FROM `django_migrations`; args=()
[09/Mar/2015 18:07:59] DEBUG [django.db.backends:91] (0.000) SELECT `django_content_type`.`id`, `django_content_type`.`name`, `django_content_type`.`app_label`, `django_content_type`.`model` FROM `django_content_type` WHERE (`django_content_type`.`model` = 'game' AND `django_content_type`.`app_label` = 'rpg') LIMIT 21; args=('game', 'rpg')
[09/Mar/2015 18:07:59] DEBUG [django.db.backends:91] (0.000) INSERT INTO `django_content_type` (`name`, `app_label`, `model`) VALUES ('game', 'rpg', 'game'); args=[u'game', 'rpg', 'game']
[09/Mar/2015 18:07:59] DEBUG [django.db.backends:91] (0.000) SELECT `django_content_type`.`id`, `django_content_type`.`name`, `django_content_type`.`app_label`, `django_content_type`.`model` FROM `django_content_type` WHERE (`django_content_type`.`model` = 'player' AND `django_content_type`.`app_label` = 'rpg') LIMIT 21; args=('player', 'rpg')
[09/Mar/2015 18:07:59] DEBUG [django.db.backends:91] (0.000) INSERT INTO `django_content_type` (`name`, `app_label`, `model`) VALUES ('player', 'rpg', 'player'); args=[u'player', 'rpg', 'player']
[09/Mar/2015 18:07:59] DEBUG [django.db.backends:91] (0.000) SELECT `django_content_type`.`id`, `django_content_type`.`name`, `django_content_type`.`app_label`, `django_content_type`.`model` FROM `django_content_type` WHERE (`django_content_type`.`model` = 'item' AND `django_content_type`.`app_label` = 'rpg') LIMIT 21; args=('item', 'rpg')
[09/Mar/2015 18:07:59] DEBUG [django.db.backends:91] (0.000) INSERT INTO `django_content_type` (`name`, `app_label`, `model`) VALUES ('item', 'rpg', 'item'); args=[u'item', 'rpg', 'item']
[09/Mar/2015 18:07:59] DEBUG [django.db.backends:91] (0.000) SELECT `django_content_type`.`id`, `django_content_type`.`name`, `django_content_type`.`app_label`, `django_content_type`.`model` FROM `django_content_type` WHERE (`django_content_type`.`model` = 'room' AND `django_content_type`.`app_label` = 'rpg') LIMIT 21; args=('room', 'rpg')
[09/Mar/2015 18:07:59] DEBUG [django.db.backends:91] (0.000) INSERT INTO `django_content_type` (`name`, `app_label`, `model`) VALUES ('room', 'rpg', 'room'); args=[u'room', 'rpg', 'room']
[09/Mar/2015 18:07:59] DEBUG [django.db.backends:91] (0.000) SELECT `auth_permission`.`content_type_id`, `auth_permission`.`codename` FROM `auth_permission` INNER JOIN `django_content_type` ON ( `auth_permission`.`content_type_id` = `django_content_type`.`id` ) WHERE `auth_permission`.`content_type_id` IN (8, 9, 10, 7) ORDER BY `django_content_type`.`app_label` ASC, `django_content_type`.`model` ASC, `auth_permission`.`codename` ASC; args=(8, 9, 10, 7)
[09/Mar/2015 18:07:59] DEBUG [django.db.backends:91] (0.000) INSERT INTO `auth_permission` (`name`, `content_type_id`, `codename`) VALUES ('Can add game', 7, 'add_game'), ('Can change game', 7, 'change_game'), ('Can delete game', 7, 'delete_game'), ('Can add player', 8, 'add_player'), ('Can change player', 8, 'change_player'), ('Can delete player', 8, 'delete_player'), ('Can add item', 9, 'add_item'), ('Can change item', 9, 'change_item'), ('Can delete item', 9, 'delete_item'), ('Can add room', 10, 'add_room'), ('Can change room', 10, 'change_room'), ('Can delete room', 10, 'delete_room'); args=(u'Can add game', 7, u'add_game', u'Can change game', 7, u'change_game', u'Can delete game', 7, u'delete_game', u'Can add player', 8, u'add_player', u'Can change player', 8, u'change_player', u'Can delete player', 8, u'delete_player', u'Can add item', 9, u'add_item', u'Can change item', 9, u'change_item', u'Can delete item', 9, u'delete_item', u'Can add room', 10, u'add_room', u'Can change room', 10, u'change_room', u'Can delete room', 10, u'delete_room')
[09/Mar/2015 18:07:59] DEBUG [django.db.backends:91] (0.000) SHOW TABLES; args=None
[09/Mar/2015 18:07:59] DEBUG [django.db.backends:91] (0.001) SELECT `django_migrations`.`app`, `django_migrations`.`name` FROM `django_migrations`; args=()
[09/Mar/2015 18:07:59] DEBUG [django.db.backends:91] (0.000) SELECT `django_content_type`.`id`, `django_content_type`.`name`, `django_content_type`.`app_label`, `django_content_type`.`model` FROM `django_content_type` WHERE `django_content_type`.`app_label` = 'rpg' ORDER BY `django_content_type`.`name` ASC; args=('rpg',)
[09/Mar/2015 18:09:41] WARNING [django.request:143] Not Found: /
[09/Mar/2015 18:13:55] DEBUG [django.db.backends:91] (0.000) SET SQL_AUTO_IS_NULL = 0; args=None
[09/Mar/2015 18:13:55] DEBUG [django.db.backends:91] (0.000) SELECT `rpg_game`.`id`, `rpg_game`.`location`, `rpg_game`.`isover`, `rpg_game`.`stats` FROM `rpg_game` LIMIT 21; args=()
[09/Mar/2015 18:14:05] DEBUG [django.db.backends:91] (0.000) SELECT `rpg_player`.`id`, `rpg_player`.`name`, `rpg_player`.`location`, `rpg_player`.`isdead` FROM `rpg_player` LIMIT 21; args=()
[09/Mar/2015 18:14:23] DEBUG [django.db.backends:91] (0.000) SELECT `rpg_item`.`id`, `rpg_item`.`name`, `rpg_item`.`description`, `rpg_item`.`quantity` FROM `rpg_item` LIMIT 21; args=()
[09/Mar/2015 18:14:33] DEBUG [django.db.backends:91] (0.000) SELECT `rpg_room`.`id`, `rpg_room`.`name`, `rpg_room`.`description` FROM `rpg_room` LIMIT 21; args=()
[09/Mar/2015 18:20:36] DEBUG [django.db.backends:91] (0.000) INSERT INTO `rpg_room` (`name`, `description`) VALUES ('Colonnade', 'Vaulted Ceilings'); args=['Colonnade', 'Vaulted Ceilings']
[09/Mar/2015 18:21:11] DEBUG [django.db.backends:91] (0.000) SELECT `rpg_room`.`id`, `rpg_room`.`name`, `rpg_room`.`description` FROM `rpg_room` LIMIT 21; args=()
[09/Mar/2015 18:22:58] DEBUG [django.db.backends:91] (0.000) SET SQL_AUTO_IS_NULL = 0; args=None
[09/Mar/2015 18:22:58] DEBUG [django.db.backends:91] (0.000) SHOW TABLES; args=None
[09/Mar/2015 18:22:58] DEBUG [django.db.backends:91] (0.000) SELECT `django_migrations`.`app`, `django_migrations`.`name` FROM `django_migrations`; args=()
[09/Mar/2015 18:23:15] DEBUG [django.db.backends:91] (0.000) SET SQL_AUTO_IS_NULL = 0; args=None
[09/Mar/2015 18:23:15] DEBUG [django.db.backends:91] (0.000) SELECT `django_session`.`session_key`, `django_session`.`session_data`, `django_session`.`expire_date` FROM `django_session` WHERE (`django_session`.`session_key` = 'k2prfh2oqko0rpwjrejlstq7ou73mrzj' AND `django_session`.`expire_date` > '2015-03-09 23:23:15') LIMIT 21; args=('k2prfh2oqko0rpwjrejlstq7ou73mrzj', u'2015-03-09 23:23:15')
[09/Mar/2015 18:23:15] DEBUG [django.db.backends:91] (0.000) SELECT (1) AS `a` FROM `django_session` WHERE `django_session`.`session_key` = 'tyaawz4rtsytv6upr78xhmynwq26j732' LIMIT 1; args=(u'tyaawz4rtsytv6upr78xhmynwq26j732',)
[09/Mar/2015 18:23:15] DEBUG [django.db.backends:91] (0.000) INSERT INTO `django_session` (`session_key`, `session_data`, `expire_date`) VALUES ('tyaawz4rtsytv6upr78xhmynwq26j732', 'ZTM5MGY2YmY3MDJjMTYxZmIwNmQ5NzhmNmYxNDg1NWI4OGFhNzI2ZDp7fQ==', '2015-03-23 23:23:15'); args=(u'tyaawz4rtsytv6upr78xhmynwq26j732', u'ZTM5MGY2YmY3MDJjMTYxZmIwNmQ5NzhmNmYxNDg1NWI4OGFhNzI2ZDp7fQ==', u'2015-03-23 23:23:15')
[09/Mar/2015 18:23:15] DEBUG [django.db.backends:91] (0.000) UPDATE `django_session` SET `session_data` = 'ZTM5MGY2YmY3MDJjMTYxZmIwNmQ5NzhmNmYxNDg1NWI4OGFhNzI2ZDp7fQ==', `expire_date` = '2015-03-23 23:23:15' WHERE `django_session`.`session_key` = 'tyaawz4rtsytv6upr78xhmynwq26j732'; args=(u'ZTM5MGY2YmY3MDJjMTYxZmIwNmQ5NzhmNmYxNDg1NWI4OGFhNzI2ZDp7fQ==', u'2015-03-23 23:23:15', u'tyaawz4rtsytv6upr78xhmynwq26j732')
[09/Mar/2015 18:23:15] DEBUG [django.db.backends:91] (0.000) SET SQL_AUTO_IS_NULL = 0; args=None
[09/Mar/2015 18:23:15] DEBUG [django.db.backends:91] (0.001) SELECT `django_session`.`session_key`, `django_session`.`session_data`, `django_session`.`expire_date` FROM `django_session` WHERE (`django_session`.`session_key` = 'tyaawz4rtsytv6upr78xhmynwq26j732' AND `django_session`.`expire_date` > '2015-03-09 23:23:15') LIMIT 21; args=('tyaawz4rtsytv6upr78xhmynwq26j732', u'2015-03-09 23:23:15')
[09/Mar/2015 18:23:27] DEBUG [django.db.backends:91] (0.000) SET SQL_AUTO_IS_NULL = 0; args=None
[09/Mar/2015 18:23:27] DEBUG [django.db.backends:91] (0.000) SELECT `auth_user`.`id`, `auth_user`.`password`, `auth_user`.`last_login`, `auth_user`.`is_superuser`, `auth_user`.`username`, `auth_user`.`first_name`, `auth_user`.`last_name`, `auth_user`.`email`, `auth_user`.`is_staff`, `auth_user`.`is_active`, `auth_user`.`date_joined` FROM `auth_user` WHERE `auth_user`.`username` = 'jcook' LIMIT 21; args=(u'jcook',)
[09/Mar/2015 18:23:27] DEBUG [django.db.backends:91] (0.000) SELECT `django_session`.`session_key`, `django_session`.`session_data`, `django_session`.`expire_date` FROM `django_session` WHERE (`django_session`.`session_key` = 'tyaawz4rtsytv6upr78xhmynwq26j732' AND `django_session`.`expire_date` > '2015-03-09 23:23:27') LIMIT 21; args=('tyaawz4rtsytv6upr78xhmynwq26j732', u'2015-03-09 23:23:27')
[09/Mar/2015 18:23:39] DEBUG [django.db.backends:91] (0.000) SET SQL_AUTO_IS_NULL = 0; args=None
[09/Mar/2015 18:23:39] DEBUG [django.db.backends:91] (0.000) SELECT `auth_user`.`id`, `auth_user`.`password`, `auth_user`.`last_login`, `auth_user`.`is_superuser`, `auth_user`.`username`, `auth_user`.`first_name`, `auth_user`.`last_name`, `auth_user`.`email`, `auth_user`.`is_staff`, `auth_user`.`is_active`, `auth_user`.`date_joined` FROM `auth_user` WHERE `auth_user`.`username` = 'root' LIMIT 21; args=(u'root',)
[09/Mar/2015 18:23:39] DEBUG [django.db.backends:91] (0.000) SELECT `django_session`.`session_key`, `django_session`.`session_data`, `django_session`.`expire_date` FROM `django_session` WHERE (`django_session`.`session_key` = 'tyaawz4rtsytv6upr78xhmynwq26j732' AND `django_session`.`expire_date` > '2015-03-09 23:23:39') LIMIT 21; args=('tyaawz4rtsytv6upr78xhmynwq26j732', u'2015-03-09 23:23:39')
[09/Mar/2015 18:25:12] DEBUG [django.db.backends:91] (0.000) SET SQL_AUTO_IS_NULL = 0; args=None
[09/Mar/2015 18:25:12] DEBUG [django.db.backends:91] (0.000) SELECT `auth_user`.`id`, `auth_user`.`password`, `auth_user`.`last_login`, `auth_user`.`is_superuser`, `auth_user`.`username`, `auth_user`.`first_name`, `auth_user`.`last_name`, `auth_user`.`email`, `auth_user`.`is_staff`, `auth_user`.`is_active`, `auth_user`.`date_joined` FROM `auth_user` WHERE `auth_user`.`username` = 'jcook' LIMIT 21; args=(u'jcook',)
[09/Mar/2015 18:25:26] DEBUG [django.db.backends:91] (0.000) SELECT `auth_user`.`id`, `auth_user`.`password`, `auth_user`.`last_login`, `auth_user`.`is_superuser`, `auth_user`.`username`, `auth_user`.`first_name`, `auth_user`.`last_name`, `auth_user`.`email`, `auth_user`.`is_staff`, `auth_user`.`is_active`, `auth_user`.`date_joined` FROM `auth_user` WHERE `auth_user`.`username` = 'jcook' LIMIT 21; args=(u'jcook',)
[09/Mar/2015 18:25:35] DEBUG [django.db.backends:91] (0.000) INSERT INTO `auth_user` (`password`, `last_login`, `is_superuser`, `username`, `first_name`, `last_name`, `email`, `is_staff`, `is_active`, `date_joined`) VALUES ('pbkdf2_sha256$15000$ExmN7wzH6RGH$lAhVzAzQ5/fE7BGcls9APkKhF1XTnqh76uPtfBrIHXY=', '2015-03-09 23:25:35', 1, 'jcook', '', '', '', 1, 1, '2015-03-09 23:25:35'); args=[u'pbkdf2_sha256$15000$ExmN7wzH6RGH$lAhVzAzQ5/fE7BGcls9APkKhF1XTnqh76uPtfBrIHXY=', u'2015-03-09 23:25:35', True, u'jcook', u'', u'', u'', True, True, u'2015-03-09 23:25:35']
[09/Mar/2015 18:25:47] DEBUG [django.db.backends:91] (0.000) SET SQL_AUTO_IS_NULL = 0; args=None
[09/Mar/2015 18:25:47] DEBUG [django.db.backends:91] (0.000) SHOW TABLES; args=None
[09/Mar/2015 18:25:47] DEBUG [django.db.backends:91] (0.000) SELECT `django_migrations`.`app`, `django_migrations`.`name` FROM `django_migrations`; args=()
[09/Mar/2015 18:26:02] DEBUG [django.db.backends:91] (0.000) SET SQL_AUTO_IS_NULL = 0; args=None
[09/Mar/2015 18:26:02] DEBUG [django.db.backends:91] (0.000) SELECT `django_session`.`session_key`, `django_session`.`session_data`, `django_session`.`expire_date` FROM `django_session` WHERE (`django_session`.`session_key` = 'tyaawz4rtsytv6upr78xhmynwq26j732' AND `django_session`.`expire_date` > '2015-03-09 23:26:02') LIMIT 21; args=('tyaawz4rtsytv6upr78xhmynwq26j732', u'2015-03-09 23:26:02')
[09/Mar/2015 18:26:02] DEBUG [django.db.backends:91] (0.000) SET SQL_AUTO_IS_NULL = 0; args=None
[09/Mar/2015 18:26:02] DEBUG [django.db.backends:91] (0.000) SELECT `django_session`.`session_key`, `django_session`.`session_data`, `django_session`.`expire_date` FROM `django_session` WHERE (`django_session`.`session_key` = 'tyaawz4rtsytv6upr78xhmynwq26j732' AND `django_session`.`expire_date` > '2015-03-09 23:26:02') LIMIT 21; args=('tyaawz4rtsytv6upr78xhmynwq26j732', u'2015-03-09 23:26:02')
[09/Mar/2015 18:26:08] DEBUG [django.db.backends:91] (0.000) SET SQL_AUTO_IS_NULL = 0; args=None
[09/Mar/2015 18:26:08] DEBUG [django.db.backends:91] (0.000) SELECT `auth_user`.`id`, `auth_user`.`password`, `auth_user`.`last_login`, `auth_user`.`is_superuser`, `auth_user`.`username`, `auth_user`.`first_name`, `auth_user`.`last_name`, `auth_user`.`email`, `auth_user`.`is_staff`, `auth_user`.`is_active`, `auth_user`.`date_joined` FROM `auth_user` WHERE `auth_user`.`username` = 'jcook' LIMIT 21; args=(u'jcook',)
[09/Mar/2015 18:26:08] DEBUG [django.db.backends:91] (0.000) SELECT `django_session`.`session_key`, `django_session`.`session_data`, `django_session`.`expire_date` FROM `django_session` WHERE (`django_session`.`session_key` = 'tyaawz4rtsytv6upr78xhmynwq26j732' AND `django_session`.`expire_date` > '2015-03-09 23:26:08') LIMIT 21; args=('tyaawz4rtsytv6upr78xhmynwq26j732', u'2015-03-09 23:26:08')
[09/Mar/2015 18:26:08] DEBUG [django.db.backends:91] (0.000) SELECT (1) AS `a` FROM `django_session` WHERE `django_session`.`session_key` = 'w64ylzjmqc1jfnjvnmruimua8v3uzjdo' LIMIT 1; args=(u'w64ylzjmqc1jfnjvnmruimua8v3uzjdo',)
[09/Mar/2015 18:26:08] DEBUG [django.db.backends:91] (0.000) INSERT INTO `django_session` (`session_key`, `session_data`, `expire_date`) VALUES ('w64ylzjmqc1jfnjvnmruimua8v3uzjdo', 'ZTM5MGY2YmY3MDJjMTYxZmIwNmQ5NzhmNmYxNDg1NWI4OGFhNzI2ZDp7fQ==', '2015-03-23 23:26:08'); args=(u'w64ylzjmqc1jfnjvnmruimua8v3uzjdo', u'ZTM5MGY2YmY3MDJjMTYxZmIwNmQ5NzhmNmYxNDg1NWI4OGFhNzI2ZDp7fQ==', u'2015-03-23 23:26:08')
[09/Mar/2015 18:26:08] DEBUG [django.db.backends:91] (0.000) SELECT `django_session`.`session_key`, `django_session`.`session_data`, `django_session`.`expire_date` FROM `django_session` WHERE `django_session`.`session_key` = 'tyaawz4rtsytv6upr78xhmynwq26j732' LIMIT 21; args=('tyaawz4rtsytv6upr78xhmynwq26j732',)
[09/Mar/2015 18:26:08] DEBUG [django.db.backends:91] (0.001) DELETE FROM `django_session` WHERE `django_session`.`session_key` IN ('tyaawz4rtsytv6upr78xhmynwq26j732'); args=(u'tyaawz4rtsytv6upr78xhmynwq26j732',)
[09/Mar/2015 18:26:08] DEBUG [django.db.backends:91] (0.000) UPDATE `auth_user` SET `last_login` = '2015-03-09 23:26:08' WHERE `auth_user`.`id` = 1; args=(u'2015-03-09 23:26:08', 1)
[09/Mar/2015 18:26:08] DEBUG [django.db.backends:91] (0.000) UPDATE `django_session` SET `session_data` = 'Y2VkMDgyOTM1ODE0YWEwNzcwOWZmODQ2OWViOGZlODhjZjhiMzc3NDp7Il9hdXRoX3VzZXJfaGFzaCI6ImE1NWZkNjg0MzU0ZDk0MjFkZDJkMjYwNTg1NTExNWRlZDMyYmM1ZmQiLCJfYXV0aF91c2VyX2JhY2tlbmQiOiJkamFuZ28uY29udHJpYi5hdXRoLmJhY2tlbmRzLk1vZGVsQmFja2VuZCIsIl9hdXRoX3VzZXJfaWQiOjF9', `expire_date` = '2015-03-23 23:26:08' WHERE `django_session`.`session_key` = 'w64ylzjmqc1jfnjvnmruimua8v3uzjdo'; args=(u'Y2VkMDgyOTM1ODE0YWEwNzcwOWZmODQ2OWViOGZlODhjZjhiMzc3NDp7Il9hdXRoX3VzZXJfaGFzaCI6ImE1NWZkNjg0MzU0ZDk0MjFkZDJkMjYwNTg1NTExNWRlZDMyYmM1ZmQiLCJfYXV0aF91c2VyX2JhY2tlbmQiOiJkamFuZ28uY29udHJpYi5hdXRoLmJhY2tlbmRzLk1vZGVsQmFja2VuZCIsIl9hdXRoX3VzZXJfaWQiOjF9', u'2015-03-23 23:26:08', u'w64ylzjmqc1jfnjvnmruimua8v3uzjdo')
[09/Mar/2015 18:26:08] DEBUG [django.db.backends:91] (0.000) SET SQL_AUTO_IS_NULL = 0; args=None
[09/Mar/2015 18:26:08] DEBUG [django.db.backends:91] (0.000) SELECT `django_session`.`session_key`, `django_session`.`session_data`, `django_session`.`expire_date` FROM `django_session` WHERE (`django_session`.`session_key` = 'w64ylzjmqc1jfnjvnmruimua8v3uzjdo' AND `django_session`.`expire_date` > '2015-03-09 23:26:08') LIMIT 21; args=('w64ylzjmqc1jfnjvnmruimua8v3uzjdo', u'2015-03-09 23:26:08')
[09/Mar/2015 18:26:08] DEBUG [django.db.backends:91] (0.000) SELECT `auth_user`.`id`, `auth_user`.`password`, `auth_user`.`last_login`, `auth_user`.`is_superuser`, `auth_user`.`username`, `auth_user`.`first_name`, `auth_user`.`last_name`, `auth_user`.`email`, `auth_user`.`is_staff`, `auth_user`.`is_active`, `auth_user`.`date_joined` FROM `auth_user` WHERE `auth_user`.`id` = 1 LIMIT 21; args=(1,)
[09/Mar/2015 18:26:08] DEBUG [django.db.backends:91] (0.000) SELECT `django_admin_log`.`id`, `django_admin_log`.`action_time`, `django_admin_log`.`user_id`, `django_admin_log`.`content_type_id`, `django_admin_log`.`object_id`, `django_admin_log`.`object_repr`, `django_admin_log`.`action_flag`, `django_admin_log`.`change_message`, `auth_user`.`id`, `auth_user`.`password`, `auth_user`.`last_login`, `auth_user`.`is_superuser`, `auth_user`.`username`, `auth_user`.`first_name`, `auth_user`.`last_name`, `auth_user`.`email`, `auth_user`.`is_staff`, `auth_user`.`is_active`, `auth_user`.`date_joined`, `django_content_type`.`id`, `django_content_type`.`name`, `django_content_type`.`app_label`, `django_content_type`.`model` FROM `django_admin_log` INNER JOIN `auth_user` ON ( `django_admin_log`.`user_id` = `auth_user`.`id` ) LEFT OUTER JOIN `django_content_type` ON ( `django_admin_log`.`content_type_id` = `django_content_type`.`id` ) WHERE `django_admin_log`.`user_id` = 1 ORDER BY `django_admin_log`.`action_time` DESC LIMIT 10; args=(1,)
[09/Mar/2015 18:30:46] DEBUG [django.db.backends:91] (0.000) SET SQL_AUTO_IS_NULL = 0; args=None
[09/Mar/2015 18:30:46] DEBUG [django.db.backends:91] (0.000) SHOW TABLES; args=None
[09/Mar/2015 18:30:46] DEBUG [django.db.backends:91] (0.000) SELECT `django_migrations`.`app`, `django_migrations`.`name` FROM `django_migrations`; args=()
[09/Mar/2015 18:32:32] DEBUG [django.db.backends:91] (0.000) SET SQL_AUTO_IS_NULL = 0; args=None
[09/Mar/2015 18:32:32] DEBUG [django.db.backends:91] (0.000) SELECT `django_session`.`session_key`, `django_session`.`session_data`, `django_session`.`expire_date` FROM `django_session` WHERE (`django_session`.`session_key` = 'w64ylzjmqc1jfnjvnmruimua8v3uzjdo' AND `django_session`.`expire_date` > '2015-03-09 23:32:32') LIMIT 21; args=('w64ylzjmqc1jfnjvnmruimua8v3uzjdo', u'2015-03-09 23:32:32')
[09/Mar/2015 18:32:32] DEBUG [django.db.backends:91] (0.000) SELECT `auth_user`.`id`, `auth_user`.`password`, `auth_user`.`last_login`, `auth_user`.`is_superuser`, `auth_user`.`username`, `auth_user`.`first_name`, `auth_user`.`last_name`, `auth_user`.`email`, `auth_user`.`is_staff`, `auth_user`.`is_active`, `auth_user`.`date_joined` FROM `auth_user` WHERE `auth_user`.`id` = 1 LIMIT 21; args=(1,)
[09/Mar/2015 18:32:32] DEBUG [django.db.backends:91] (0.001) SELECT `django_admin_log`.`id`, `django_admin_log`.`action_time`, `django_admin_log`.`user_id`, `django_admin_log`.`content_type_id`, `django_admin_log`.`object_id`, `django_admin_log`.`object_repr`, `django_admin_log`.`action_flag`, `django_admin_log`.`change_message`, `auth_user`.`id`, `auth_user`.`password`, `auth_user`.`last_login`, `auth_user`.`is_superuser`, `auth_user`.`username`, `auth_user`.`first_name`, `auth_user`.`last_name`, `auth_user`.`email`, `auth_user`.`is_staff`, `auth_user`.`is_active`, `auth_user`.`date_joined`, `django_content_type`.`id`, `django_content_type`.`name`, `django_content_type`.`app_label`, `django_content_type`.`model` FROM `django_admin_log` INNER JOIN `auth_user` ON ( `django_admin_log`.`user_id` = `auth_user`.`id` ) LEFT OUTER JOIN `django_content_type` ON ( `django_admin_log`.`content_type_id` = `django_content_type`.`id` ) WHERE `django_admin_log`.`user_id` = 1 ORDER BY `django_admin_log`.`action_time` DESC LIMIT 10; args=(1,)
[09/Mar/2015 18:32:36] DEBUG [django.db.backends:91] (0.000) SET SQL_AUTO_IS_NULL = 0; args=None
[09/Mar/2015 18:32:36] DEBUG [django.db.backends:91] (0.000) SELECT `django_session`.`session_key`, `django_session`.`session_data`, `django_session`.`expire_date` FROM `django_session` WHERE (`django_session`.`session_key` = 'w64ylzjmqc1jfnjvnmruimua8v3uzjdo' AND `django_session`.`expire_date` > '2015-03-09 23:32:36') LIMIT 21; args=('w64ylzjmqc1jfnjvnmruimua8v3uzjdo', u'2015-03-09 23:32:36')
[09/Mar/2015 18:32:36] DEBUG [django.db.backends:91] (0.000) SELECT `auth_user`.`id`, `auth_user`.`password`, `auth_user`.`last_login`, `auth_user`.`is_superuser`, `auth_user`.`username`, `auth_user`.`first_name`, `auth_user`.`last_name`, `auth_user`.`email`, `auth_user`.`is_staff`, `auth_user`.`is_active`, `auth_user`.`date_joined` FROM `auth_user` WHERE `auth_user`.`id` = 1 LIMIT 21; args=(1,)
[09/Mar/2015 18:32:36] DEBUG [django.db.backends:91] (0.000) SELECT COUNT(*) FROM `rpg_game`; args=()
[09/Mar/2015 18:32:36] DEBUG [django.db.backends:91] (0.000) SELECT `rpg_game`.`id`, `rpg_game`.`location`, `rpg_game`.`isover`, `rpg_game`.`stats` FROM `rpg_game` ORDER BY `rpg_game`.`id` DESC; args=()
[09/Mar/2015 18:32:36] DEBUG [django.db.backends:91] (0.000) SET SQL_AUTO_IS_NULL = 0; args=None
[09/Mar/2015 18:32:36] DEBUG [django.db.backends:91] (0.000) SELECT `django_session`.`session_key`, `django_session`.`session_data`, `django_session`.`expire_date` FROM `django_session` WHERE (`django_session`.`session_key` = 'w64ylzjmqc1jfnjvnmruimua8v3uzjdo' AND `django_session`.`expire_date` > '2015-03-09 23:32:36') LIMIT 21; args=('w64ylzjmqc1jfnjvnmruimua8v3uzjdo', u'2015-03-09 23:32:36')
[09/Mar/2015 18:32:36] DEBUG [django.db.backends:91] (0.000) SELECT `auth_user`.`id`, `auth_user`.`password`, `auth_user`.`last_login`, `auth_user`.`is_superuser`, `auth_user`.`username`, `auth_user`.`first_name`, `auth_user`.`last_name`, `auth_user`.`email`, `auth_user`.`is_staff`, `auth_user`.`is_active`, `auth_user`.`date_joined` FROM `auth_user` WHERE `auth_user`.`id` = 1 LIMIT 21; args=(1,)
[09/Mar/2015 18:32:42] DEBUG [django.db.backends:91] (0.000) SET SQL_AUTO_IS_NULL = 0; args=None
[09/Mar/2015 18:32:42] DEBUG [django.db.backends:91] (0.000) SELECT `django_session`.`session_key`, `django_session`.`session_data`, `django_session`.`expire_date` FROM `django_session` WHERE (`django_session`.`session_key` = 'w64ylzjmqc1jfnjvnmruimua8v3uzjdo' AND `django_session`.`expire_date` > '2015-03-09 23:32:42') LIMIT 21; args=('w64ylzjmqc1jfnjvnmruimua8v3uzjdo', u'2015-03-09 23:32:42')
[09/Mar/2015 18:32:42] DEBUG [django.db.backends:91] (0.000) SELECT `auth_user`.`id`, `auth_user`.`password`, `auth_user`.`last_login`, `auth_user`.`is_superuser`, `auth_user`.`username`, `auth_user`.`first_name`, `auth_user`.`last_name`, `auth_user`.`email`, `auth_user`.`is_staff`, `auth_user`.`is_active`, `auth_user`.`date_joined` FROM `auth_user` WHERE `auth_user`.`id` = 1 LIMIT 21; args=(1,)
[09/Mar/2015 18:32:42] DEBUG [django.db.backends:91] (0.000) SELECT COUNT(*) FROM `rpg_item`; args=()
[09/Mar/2015 18:32:42] DEBUG [django.db.backends:91] (0.000) SELECT `rpg_item`.`id`, `rpg_item`.`name`, `rpg_item`.`description`, `rpg_item`.`quantity` FROM `rpg_item` ORDER BY `rpg_item`.`id` DESC; args=()
[09/Mar/2015 18:32:42] DEBUG [django.db.backends:91] (0.000) SET SQL_AUTO_IS_NULL = 0; args=None
[09/Mar/2015 18:32:42] DEBUG [django.db.backends:91] (0.000) SELECT `django_session`.`session_key`, `django_session`.`session_data`, `django_session`.`expire_date` FROM `django_session` WHERE (`django_session`.`session_key` = 'w64ylzjmqc1jfnjvnmruimua8v3uzjdo' AND `django_session`.`expire_date` > '2015-03-09 23:32:42') LIMIT 21; args=('w64ylzjmqc1jfnjvnmruimua8v3uzjdo', u'2015-03-09 23:32:42')
[09/Mar/2015 18:32:42] DEBUG [django.db.backends:91] (0.001) SELECT `auth_user`.`id`, `auth_user`.`password`, `auth_user`.`last_login`, `auth_user`.`is_superuser`, `auth_user`.`username`, `auth_user`.`first_name`, `auth_user`.`last_name`, `auth_user`.`email`, `auth_user`.`is_staff`, `auth_user`.`is_active`, `auth_user`.`date_joined` FROM `auth_user` WHERE `auth_user`.`id` = 1 LIMIT 21; args=(1,)
[09/Mar/2015 18:32:45] DEBUG [django.db.backends:91] (0.000) SET SQL_AUTO_IS_NULL = 0; args=None
[09/Mar/2015 18:32:45] DEBUG [django.db.backends:91] (0.000) SELECT `django_session`.`session_key`, `django_session`.`session_data`, `django_session`.`expire_date` FROM `django_session` WHERE (`django_session`.`session_key` = 'w64ylzjmqc1jfnjvnmruimua8v3uzjdo' AND `django_session`.`expire_date` > '2015-03-09 23:32:45') LIMIT 21; args=('w64ylzjmqc1jfnjvnmruimua8v3uzjdo', u'2015-03-09 23:32:45')
[09/Mar/2015 18:32:45] DEBUG [django.db.backends:91] (0.000) SELECT `auth_user`.`id`, `auth_user`.`password`, `auth_user`.`last_login`, `auth_user`.`is_superuser`, `auth_user`.`username`, `auth_user`.`first_name`, `auth_user`.`last_name`, `auth_user`.`email`, `auth_user`.`is_staff`, `auth_user`.`is_active`, `auth_user`.`date_joined` FROM `auth_user` WHERE `auth_user`.`id` = 1 LIMIT 21; args=(1,)
[09/Mar/2015 18:32:45] DEBUG [django.db.backends:91] (0.000) SELECT `django_content_type`.`id`, `django_content_type`.`name`, `django_content_type`.`app_label`, `django_content_type`.`model` FROM `django_content_type` WHERE (`django_content_type`.`model` = 'item' AND `django_content_type`.`app_label` = 'rpg') LIMIT 21; args=('item', 'rpg')
[09/Mar/2015 18:32:45] DEBUG [django.db.backends:91] (0.000) SET SQL_AUTO_IS_NULL = 0; args=None
[09/Mar/2015 18:32:45] DEBUG [django.db.backends:91] (0.000) SELECT `django_session`.`session_key`, `django_session`.`session_data`, `django_session`.`expire_date` FROM `django_session` WHERE (`django_session`.`session_key` = 'w64ylzjmqc1jfnjvnmruimua8v3uzjdo' AND `django_session`.`expire_date` > '2015-03-09 23:32:45') LIMIT 21; args=('w64ylzjmqc1jfnjvnmruimua8v3uzjdo', u'2015-03-09 23:32:45')
[09/Mar/2015 18:32:45] DEBUG [django.db.backends:91] (0.000) SELECT `auth_user`.`id`, `auth_user`.`password`, `auth_user`.`last_login`, `auth_user`.`is_superuser`, `auth_user`.`username`, `auth_user`.`first_name`, `auth_user`.`last_name`, `auth_user`.`email`, `auth_user`.`is_staff`, `auth_user`.`is_active`, `auth_user`.`date_joined` FROM `auth_user` WHERE `auth_user`.`id` = 1 LIMIT 21; args=(1,)
[09/Mar/2015 18:32:51] DEBUG [django.db.backends:91] (0.000) SET SQL_AUTO_IS_NULL = 0; args=None
[09/Mar/2015 18:32:51] DEBUG [django.db.backends:91] (0.000) SELECT `django_session`.`session_key`, `django_session`.`session_data`, `django_session`.`expire_date` FROM `django_session` WHERE (`django_session`.`session_key` = 'w64ylzjmqc1jfnjvnmruimua8v3uzjdo' AND `django_session`.`expire_date` > '2015-03-09 23:32:51') LIMIT 21; args=('w64ylzjmqc1jfnjvnmruimua8v3uzjdo', u'2015-03-09 23:32:51')
[09/Mar/2015 18:32:51] DEBUG [django.db.backends:91] (0.000) SELECT `auth_user`.`id`, `auth_user`.`password`, `auth_user`.`last_login`, `auth_user`.`is_superuser`, `auth_user`.`username`, `auth_user`.`first_name`, `auth_user`.`last_name`, `auth_user`.`email`, `auth_user`.`is_staff`, `auth_user`.`is_active`, `auth_user`.`date_joined` FROM `auth_user` WHERE `auth_user`.`id` = 1 LIMIT 21; args=(1,)
[09/Mar/2015 18:32:52] DEBUG [django.db.backends:91] (0.000) SET SQL_AUTO_IS_NULL = 0; args=None
[09/Mar/2015 18:32:52] DEBUG [django.db.backends:91] (0.000) SELECT `django_session`.`session_key`, `django_session`.`session_data`, `django_session`.`expire_date` FROM `django_session` WHERE (`django_session`.`session_key` = 'w64ylzjmqc1jfnjvnmruimua8v3uzjdo' AND `django_session`.`expire_date` > '2015-03-09 23:32:52') LIMIT 21; args=('w64ylzjmqc1jfnjvnmruimua8v3uzjdo', u'2015-03-09 23:32:52')
[09/Mar/2015 18:32:52] DEBUG [django.db.backends:91] (0.000) SELECT `auth_user`.`id`, `auth_user`.`password`, `auth_user`.`last_login`, `auth_user`.`is_superuser`, `auth_user`.`username`, `auth_user`.`first_name`, `auth_user`.`last_name`, `auth_user`.`email`, `auth_user`.`is_staff`, `auth_user`.`is_active`, `auth_user`.`date_joined` FROM `auth_user` WHERE `auth_user`.`id` = 1 LIMIT 21; args=(1,)
[09/Mar/2015 18:32:52] DEBUG [django.db.backends:91] (0.000) SELECT COUNT(*) FROM `rpg_player`; args=()
[09/Mar/2015 18:32:52] DEBUG [django.db.backends:91] (0.000) SELECT `rpg_player`.`id`, `rpg_player`.`name`, `rpg_player`.`location`, `rpg_player`.`isdead` FROM `rpg_player` ORDER BY `rpg_player`.`id` DESC; args=()
[09/Mar/2015 18:32:52] DEBUG [django.db.backends:91] (0.000) SET SQL_AUTO_IS_NULL = 0; args=None
[09/Mar/2015 18:32:52] DEBUG [django.db.backends:91] (0.000) SELECT `django_session`.`session_key`, `django_session`.`session_data`, `django_session`.`expire_date` FROM `django_session` WHERE (`django_session`.`session_key` = 'w64ylzjmqc1jfnjvnmruimua8v3uzjdo' AND `django_session`.`expire_date` > '2015-03-09 23:32:52') LIMIT 21; args=('w64ylzjmqc1jfnjvnmruimua8v3uzjdo', u'2015-03-09 23:32:52')
[09/Mar/2015 18:32:52] DEBUG [django.db.backends:91] (0.000) SELECT `auth_user`.`id`, `auth_user`.`password`, `auth_user`.`last_login`, `auth_user`.`is_superuser`, `auth_user`.`username`, `auth_user`.`first_name`, `auth_user`.`last_name`, `auth_user`.`email`, `auth_user`.`is_staff`, `auth_user`.`is_active`, `auth_user`.`date_joined` FROM `auth_user` WHERE `auth_user`.`id` = 1 LIMIT 21; args=(1,)
[09/Mar/2015 18:32:55] DEBUG [django.db.backends:91] (0.000) SET SQL_AUTO_IS_NULL = 0; args=None
[09/Mar/2015 18:32:55] DEBUG [django.db.backends:91] (0.000) SELECT `django_session`.`session_key`, `django_session`.`session_data`, `django_session`.`expire_date` FROM `django_session` WHERE (`django_session`.`session_key` = 'w64ylzjmqc1jfnjvnmruimua8v3uzjdo' AND `django_session`.`expire_date` > '2015-03-09 23:32:55') LIMIT 21; args=('w64ylzjmqc1jfnjvnmruimua8v3uzjdo', u'2015-03-09 23:32:55')
[09/Mar/2015 18:32:55] DEBUG [django.db.backends:91] (0.001) SELECT `auth_user`.`id`, `auth_user`.`password`, `auth_user`.`last_login`, `auth_user`.`is_superuser`, `auth_user`.`username`, `auth_user`.`first_name`, `auth_user`.`last_name`, `auth_user`.`email`, `auth_user`.`is_staff`, `auth_user`.`is_active`, `auth_user`.`date_joined` FROM `auth_user` WHERE `auth_user`.`id` = 1 LIMIT 21; args=(1,)
[09/Mar/2015 18:32:55] DEBUG [django.db.backends:91] (0.000) SELECT COUNT(*) FROM `rpg_room`; args=()
[09/Mar/2015 18:32:55] DEBUG [django.db.backends:91] (0.000) SELECT `rpg_room`.`id`, `rpg_room`.`name`, `rpg_room`.`description` FROM `rpg_room` ORDER BY `rpg_room`.`id` DESC; args=()
[09/Mar/2015 18:32:56] DEBUG [django.db.backends:91] (0.000) SET SQL_AUTO_IS_NULL = 0; args=None
[09/Mar/2015 18:32:56] DEBUG [django.db.backends:91] (0.001) SELECT `django_session`.`session_key`, `django_session`.`session_data`, `django_session`.`expire_date` FROM `django_session` WHERE (`django_session`.`session_key` = 'w64ylzjmqc1jfnjvnmruimua8v3uzjdo' AND `django_session`.`expire_date` > '2015-03-09 23:32:56') LIMIT 21; args=('w64ylzjmqc1jfnjvnmruimua8v3uzjdo', u'2015-03-09 23:32:56')
[09/Mar/2015 18:32:56] DEBUG [django.db.backends:91] (0.000) SELECT `auth_user`.`id`, `auth_user`.`password`, `auth_user`.`last_login`, `auth_user`.`is_superuser`, `auth_user`.`username`, `auth_user`.`first_name`, `auth_user`.`last_name`, `auth_user`.`email`, `auth_user`.`is_staff`, `auth_user`.`is_active`, `auth_user`.`date_joined` FROM `auth_user` WHERE `auth_user`.`id` = 1 LIMIT 21; args=(1,)
[09/Mar/2015 18:32:59] DEBUG [django.db.backends:91] (0.000) SET SQL_AUTO_IS_NULL = 0; args=None
[09/Mar/2015 18:32:59] DEBUG [django.db.backends:91] (0.000) SELECT `django_session`.`session_key`, `django_session`.`session_data`, `django_session`.`expire_date` FROM `django_session` WHERE (`django_session`.`session_key` = 'w64ylzjmqc1jfnjvnmruimua8v3uzjdo' AND `django_session`.`expire_date` > '2015-03-09 23:32:59') LIMIT 21; args=('w64ylzjmqc1jfnjvnmruimua8v3uzjdo', u'2015-03-09 23:32:59')
[09/Mar/2015 18:32:59] DEBUG [django.db.backends:91] (0.000) SELECT `auth_user`.`id`, `auth_user`.`password`, `auth_user`.`last_login`, `auth_user`.`is_superuser`, `auth_user`.`username`, `auth_user`.`first_name`, `auth_user`.`last_name`, `auth_user`.`email`, `auth_user`.`is_staff`, `auth_user`.`is_active`, `auth_user`.`date_joined` FROM `auth_user` WHERE `auth_user`.`id` = 1 LIMIT 21; args=(1,)
[09/Mar/2015 18:32:59] DEBUG [django.db.backends:91] (0.000) SELECT `rpg_room`.`id`, `rpg_room`.`name`, `rpg_room`.`description` FROM `rpg_room` WHERE `rpg_room`.`id` = 1 LIMIT 21; args=(1,)
[09/Mar/2015 18:32:59] DEBUG [django.db.backends:91] (0.000) SELECT `django_content_type`.`id`, `django_content_type`.`name`, `django_content_type`.`app_label`, `django_content_type`.`model` FROM `django_content_type` WHERE (`django_content_type`.`model` = 'room' AND `django_content_type`.`app_label` = 'rpg') LIMIT 21; args=('room', 'rpg')
[09/Mar/2015 18:32:59] DEBUG [django.db.backends:91] (0.001) SET SQL_AUTO_IS_NULL = 0; args=None
[09/Mar/2015 18:32:59] DEBUG [django.db.backends:91] (0.001) SELECT `django_session`.`session_key`, `django_session`.`session_data`, `django_session`.`expire_date` FROM `django_session` WHERE (`django_session`.`session_key` = 'w64ylzjmqc1jfnjvnmruimua8v3uzjdo' AND `django_session`.`expire_date` > '2015-03-09 23:32:59') LIMIT 21; args=('w64ylzjmqc1jfnjvnmruimua8v3uzjdo', u'2015-03-09 23:32:59')
[09/Mar/2015 18:32:59] DEBUG [django.db.backends:91] (0.000) SELECT `auth_user`.`id`, `auth_user`.`password`, `auth_user`.`last_login`, `auth_user`.`is_superuser`, `auth_user`.`username`, `auth_user`.`first_name`, `auth_user`.`last_name`, `auth_user`.`email`, `auth_user`.`is_staff`, `auth_user`.`is_active`, `auth_user`.`date_joined` FROM `auth_user` WHERE `auth_user`.`id` = 1 LIMIT 21; args=(1,)
[09/Mar/2015 18:33:02] DEBUG [django.db.backends:91] (0.000) SET SQL_AUTO_IS_NULL = 0; args=None
[09/Mar/2015 18:33:02] DEBUG [django.db.backends:91] (0.000) SELECT `django_session`.`session_key`, `django_session`.`session_data`, `django_session`.`expire_date` FROM `django_session` WHERE (`django_session`.`session_key` = 'w64ylzjmqc1jfnjvnmruimua8v3uzjdo' AND `django_session`.`expire_date` > '2015-03-09 23:33:02') LIMIT 21; args=('w64ylzjmqc1jfnjvnmruimua8v3uzjdo', u'2015-03-09 23:33:02')
[09/Mar/2015 18:33:02] DEBUG [django.db.backends:91] (0.000) SELECT `auth_user`.`id`, `auth_user`.`password`, `auth_user`.`last_login`, `auth_user`.`is_superuser`, `auth_user`.`username`, `auth_user`.`first_name`, `auth_user`.`last_name`, `auth_user`.`email`, `auth_user`.`is_staff`, `auth_user`.`is_active`, `auth_user`.`date_joined` FROM `auth_user` WHERE `auth_user`.`id` = 1 LIMIT 21; args=(1,)
[09/Mar/2015 18:33:02] DEBUG [django.db.backends:91] (0.000) SELECT COUNT(*) FROM `rpg_room`; args=()
[09/Mar/2015 18:33:02] DEBUG [django.db.backends:91] (0.000) SELECT `rpg_room`.`id`, `rpg_room`.`name`, `rpg_room`.`description` FROM `rpg_room` ORDER BY `rpg_room`.`id` DESC; args=()
[09/Mar/2015 18:33:03] DEBUG [django.db.backends:91] (0.001) SET SQL_AUTO_IS_NULL = 0; args=None
[09/Mar/2015 18:33:03] DEBUG [django.db.backends:91] (0.002) SELECT `django_session`.`session_key`, `django_session`.`session_data`, `django_session`.`expire_date` FROM `django_session` WHERE (`django_session`.`session_key` = 'w64ylzjmqc1jfnjvnmruimua8v3uzjdo' AND `django_session`.`expire_date` > '2015-03-09 23:33:03') LIMIT 21; args=('w64ylzjmqc1jfnjvnmruimua8v3uzjdo', u'2015-03-09 23:33:03')
[09/Mar/2015 18:33:03] DEBUG [django.db.backends:91] (0.000) SELECT `auth_user`.`id`, `auth_user`.`password`, `auth_user`.`last_login`, `auth_user`.`is_superuser`, `auth_user`.`username`, `auth_user`.`first_name`, `auth_user`.`last_name`, `auth_user`.`email`, `auth_user`.`is_staff`, `auth_user`.`is_active`, `auth_user`.`date_joined` FROM `auth_user` WHERE `auth_user`.`id` = 1 LIMIT 21; args=(1,)
[09/Mar/2015 18:33:04] DEBUG [django.db.backends:91] (0.000) SET SQL_AUTO_IS_NULL = 0; args=None
[09/Mar/2015 18:33:04] DEBUG [django.db.backends:91] (0.000) SELECT `django_session`.`session_key`, `django_session`.`session_data`, `django_session`.`expire_date` FROM `django_session` WHERE (`django_session`.`session_key` = 'w64ylzjmqc1jfnjvnmruimua8v3uzjdo' AND `django_session`.`expire_date` > '2015-03-09 23:33:04') LIMIT 21; args=('w64ylzjmqc1jfnjvnmruimua8v3uzjdo', u'2015-03-09 23:33:04')
[09/Mar/2015 18:33:04] DEBUG [django.db.backends:91] (0.000) SELECT `auth_user`.`id`, `auth_user`.`password`, `auth_user`.`last_login`, `auth_user`.`is_superuser`, `auth_user`.`username`, `auth_user`.`first_name`, `auth_user`.`last_name`, `auth_user`.`email`, `auth_user`.`is_staff`, `auth_user`.`is_active`, `auth_user`.`date_joined` FROM `auth_user` WHERE `auth_user`.`id` = 1 LIMIT 21; args=(1,)
[09/Mar/2015 18:33:06] DEBUG [django.db.backends:91] (0.000) SET SQL_AUTO_IS_NULL = 0; args=None
[09/Mar/2015 18:33:06] DEBUG [django.db.backends:91] (0.000) SELECT `django_session`.`session_key`, `django_session`.`session_data`, `django_session`.`expire_date` FROM `django_session` WHERE (`django_session`.`session_key` = 'w64ylzjmqc1jfnjvnmruimua8v3uzjdo' AND `django_session`.`expire_date` > '2015-03-09 23:33:06') LIMIT 21; args=('w64ylzjmqc1jfnjvnmruimua8v3uzjdo', u'2015-03-09 23:33:06')
[09/Mar/2015 18:33:06] DEBUG [django.db.backends:91] (0.000) SELECT `auth_user`.`id`, `auth_user`.`password`, `auth_user`.`last_login`, `auth_user`.`is_superuser`, `auth_user`.`username`, `auth_user`.`first_name`, `auth_user`.`last_name`, `auth_user`.`email`, `auth_user`.`is_staff`, `auth_user`.`is_active`, `auth_user`.`date_joined` FROM `auth_user` WHERE `auth_user`.`id` = 1 LIMIT 21; args=(1,)
[09/Mar/2015 18:33:06] DEBUG [django.db.backends:91] (0.000) SELECT `django_admin_log`.`id`, `django_admin_log`.`action_time`, `django_admin_log`.`user_id`, `django_admin_log`.`content_type_id`, `django_admin_log`.`object_id`, `django_admin_log`.`object_repr`, `django_admin_log`.`action_flag`, `django_admin_log`.`change_message`, `auth_user`.`id`, `auth_user`.`password`, `auth_user`.`last_login`, `auth_user`.`is_superuser`, `auth_user`.`username`, `auth_user`.`first_name`, `auth_user`.`last_name`, `auth_user`.`email`, `auth_user`.`is_staff`, `auth_user`.`is_active`, `auth_user`.`date_joined`, `django_content_type`.`id`, `django_content_type`.`name`, `django_content_type`.`app_label`, `django_content_type`.`model` FROM `django_admin_log` INNER JOIN `auth_user` ON ( `django_admin_log`.`user_id` = `auth_user`.`id` ) LEFT OUTER JOIN `django_content_type` ON ( `django_admin_log`.`content_type_id` = `django_content_type`.`id` ) WHERE `django_admin_log`.`user_id` = 1 ORDER BY `django_admin_log`.`action_time` DESC LIMIT 10; args=(1,)
[09/Mar/2015 18:49:12] DEBUG [django.db.backends:91] (0.000) SET SQL_AUTO_IS_NULL = 0; args=None
[09/Mar/2015 18:49:12] DEBUG [django.db.backends:91] (0.000) SHOW TABLES; args=None
[09/Mar/2015 18:49:12] DEBUG [django.db.backends:91] (0.000) SELECT `django_migrations`.`app`, `django_migrations`.`name` FROM `django_migrations`; args=()
[09/Mar/2015 18:49:35] WARNING [django.request:143] Not Found: /
